2023-05-19 10:14:02,380 [Worker-1: Loading available Gradle versions] INFO  o.e.b.c.i.u.g.PublishedGradleVersions - Gradle version information cache is out-of-date. Trying to update.
2023-05-19 10:16:18,233 [Worker-5: Loading available Gradle versions] INFO  o.e.b.c.i.u.g.PublishedGradleVersions - Gradle version information cache is up-to-date. Trying to read.
2023-05-19 10:17:26,421 [Worker-23: Importing Maven projects] INFO  o.e.m.c.i.l.LifecycleMappingFactory - Using org.eclipse.m2e.jdt.JarLifecycleMapping lifecycle mapping for MavenProject: br.com.projeto.utd:primeiroProjeto:0.0.1-SNAPSHOT @ C:\Users\adria\OneDrive\Documentos\Projetos\UTD-LinguagemJava-main\aula 11\ProjetoFinal\primeiroProjeto\pom.xml.
2023-05-19 10:17:27,877 [Worker-23: Importing Maven projects] INFO  o.e.m.j.i.AbstractJavaProjectConfigurator - Adding source folder /primeiroProjeto/src/main/java
2023-05-19 10:17:27,878 [Worker-23: Importing Maven projects] INFO  o.e.m.j.i.AbstractJavaProjectConfigurator - Adding resource folder /primeiroProjeto/src/main/resources
2023-05-19 10:17:27,879 [Worker-23: Importing Maven projects] INFO  o.e.m.j.i.AbstractJavaProjectConfigurator - Adding resource folder /primeiroProjeto/src/main/resources
2023-05-19 10:17:27,880 [Worker-23: Importing Maven projects] INFO  o.e.m.j.i.AbstractJavaProjectConfigurator - Adding source folder /primeiroProjeto/src/test/java
2023-05-19 10:17:28,431 [Worker-23: Importing Maven projects] INFO  o.e.m.c.i.p.ProjectConfigurationManager - Imported and configured 1 project(s) in 4 sec
2023-05-19 10:17:29,511 [Worker-8: Building] INFO  o.a.m.s.f.DefaultMavenResourcesFiltering - Copying 1 resource from src\main\resources to target\classes
2023-05-19 10:17:29,539 [Worker-8: Building] INFO  o.a.m.s.f.DefaultMavenResourcesFiltering - Copying 1 resource from src\main\resources to target\classes
2023-05-19 10:17:29,549 [Worker-8: Building] INFO  o.a.m.s.f.DefaultMavenResourcesFiltering - skip non existing resourceDirectory C:\Users\adria\OneDrive\Documentos\Projetos\UTD-LinguagemJava-main\aula 11\ProjetoFinal\primeiroProjeto\src\test\resources
2023-05-19 10:17:42,765 [Worker-27: Building] INFO  o.e.m.c.i.l.LifecycleMappingFactory - Using org.eclipse.m2e.jdt.JarLifecycleMapping lifecycle mapping for MavenProject: br.com.projeto.utd:primeiroProjeto:0.0.1-SNAPSHOT @ C:\Users\adria\OneDrive\Documentos\Projetos\UTD-LinguagemJava-main\aula 11\ProjetoFinal\Livraria\pom.xml.
2023-05-19 10:17:43,639 [Worker-27: Building] INFO  o.a.m.s.f.DefaultMavenResourcesFiltering - Copying 1 resource from src\main\resources to target\classes
2023-05-19 10:17:43,673 [Worker-27: Building] INFO  o.a.m.s.f.DefaultMavenResourcesFiltering - Copying 1 resource from src\main\resources to target\classes
2023-05-19 10:17:43,691 [Worker-27: Building] INFO  o.a.m.s.f.DefaultMavenResourcesFiltering - skip non existing resourceDirectory C:\Users\adria\OneDrive\Documentos\Projetos\UTD-LinguagemJava-main\aula 11\ProjetoFinal\Livraria\src\test\resources
2023-05-19 10:17:58,393 [Worker-10: Launching Executing clean in C__Users_adria_OneDrive_Documentos_Projetos_UTD-LinguagemJava-main_aula 11_ProjetoFinal_Livraria] INFO  o.eclipse.m2e.core.internal.Bundles - getClasspathEntries(Bundle=org.eclipse.m2e.maven.runtime_3.8.701.20230209-1606 [271])
2023-05-19 10:17:58,397 [Worker-10: Launching Executing clean in C__Users_adria_OneDrive_Documentos_Projetos_UTD-LinguagemJava-main_aula 11_ProjetoFinal_Livraria] INFO  o.eclipse.m2e.core.internal.Bundles - 	Entry: C:\Users\adria\.p2\pool\plugins\org.eclipse.m2e.maven.runtime_3.8.701.20230209-1606
2023-05-19 10:17:58,397 [Worker-10: Launching Executing clean in C__Users_adria_OneDrive_Documentos_Projetos_UTD-LinguagemJava-main_aula 11_ProjetoFinal_Livraria] INFO  o.eclipse.m2e.core.internal.Bundles - 	Entry: C:\Users\adria\.p2\pool\plugins\org.eclipse.m2e.maven.runtime_3.8.701.20230209-1606\jars\aether-connector-okhttp-0.17.8.jar
2023-05-19 10:17:58,397 [Worker-10: Launching Executing clean in C__Users_adria_OneDrive_Documentos_Projetos_UTD-LinguagemJava-main_aula 11_ProjetoFinal_Livraria] INFO  o.eclipse.m2e.core.internal.Bundles - 	Entry: C:\Users\adria\.p2\pool\plugins\org.eclipse.m2e.maven.runtime_3.8.701.20230209-1606\jars\commons-lang3-3.8.1.jar
2023-05-19 10:17:58,397 [Worker-10: Launching Executing clean in C__Users_adria_OneDrive_Documentos_Projetos_UTD-LinguagemJava-main_aula 11_ProjetoFinal_Livraria] INFO  o.eclipse.m2e.core.internal.Bundles - 	Entry: C:\Users\adria\.p2\pool\plugins\org.eclipse.m2e.maven.runtime_3.8.701.20230209-1606\jars\guice-4.2.2-no_aop.jar
2023-05-19 10:17:58,397 [Worker-10: Launching Executing clean in C__Users_adria_OneDrive_Documentos_Projetos_UTD-LinguagemJava-main_aula 11_ProjetoFinal_Livraria] INFO  o.eclipse.m2e.core.internal.Bundles - 	Entry: C:\Users\adria\.p2\pool\plugins\org.eclipse.m2e.maven.runtime_3.8.701.20230209-1606\jars\jansi-2.4.0.jar
2023-05-19 10:17:58,398 [Worker-10: Launching Executing clean in C__Users_adria_OneDrive_Documentos_Projetos_UTD-LinguagemJava-main_aula 11_ProjetoFinal_Livraria] INFO  o.eclipse.m2e.core.internal.Bundles - 	Entry: C:\Users\adria\.p2\pool\plugins\org.eclipse.m2e.maven.runtime_3.8.701.20230209-1606\jars\maven-artifact-3.8.7.jar
2023-05-19 10:17:58,398 [Worker-10: Launching Executing clean in C__Users_adria_OneDrive_Documentos_Projetos_UTD-LinguagemJava-main_aula 11_ProjetoFinal_Livraria] INFO  o.eclipse.m2e.core.internal.Bundles - 	Entry: C:\Users\adria\.p2\pool\plugins\org.eclipse.m2e.maven.runtime_3.8.701.20230209-1606\jars\maven-builder-support-3.8.7.jar
2023-05-19 10:17:58,398 [Worker-10: Launching Executing clean in C__Users_adria_OneDrive_Documentos_Projetos_UTD-LinguagemJava-main_aula 11_ProjetoFinal_Livraria] INFO  o.eclipse.m2e.core.internal.Bundles - 	Entry: C:\Users\adria\.p2\pool\plugins\org.eclipse.m2e.maven.runtime_3.8.701.20230209-1606\jars\maven-compat-3.8.7.jar
2023-05-19 10:17:58,398 [Worker-10: Launching Executing clean in C__Users_adria_OneDrive_Documentos_Projetos_UTD-LinguagemJava-main_aula 11_ProjetoFinal_Livraria] INFO  o.eclipse.m2e.core.internal.Bundles - 	Entry: C:\Users\adria\.p2\pool\plugins\org.eclipse.m2e.maven.runtime_3.8.701.20230209-1606\jars\maven-core-3.8.7.jar
2023-05-19 10:17:58,398 [Worker-10: Launching Executing clean in C__Users_adria_OneDrive_Documentos_Projetos_UTD-LinguagemJava-main_aula 11_ProjetoFinal_Livraria] INFO  o.eclipse.m2e.core.internal.Bundles - 	Entry: C:\Users\adria\.p2\pool\plugins\org.eclipse.m2e.maven.runtime_3.8.701.20230209-1606\jars\maven-embedder-3.8.7.jar
2023-05-19 10:17:58,398 [Worker-10: Launching Executing clean in C__Users_adria_OneDrive_Documentos_Projetos_UTD-LinguagemJava-main_aula 11_ProjetoFinal_Livraria] INFO  o.eclipse.m2e.core.internal.Bundles - 	Entry: C:\Users\adria\.p2\pool\plugins\org.eclipse.m2e.maven.runtime_3.8.701.20230209-1606\jars\maven-model-3.8.7.jar
2023-05-19 10:17:58,398 [Worker-10: Launching Executing clean in C__Users_adria_OneDrive_Documentos_Projetos_UTD-LinguagemJava-main_aula 11_ProjetoFinal_Livraria] INFO  o.eclipse.m2e.core.internal.Bundles - 	Entry: C:\Users\adria\.p2\pool\plugins\org.eclipse.m2e.maven.runtime_3.8.701.20230209-1606\jars\maven-model-builder-3.8.7.jar
2023-05-19 10:17:58,398 [Worker-10: Launching Executing clean in C__Users_adria_OneDrive_Documentos_Projetos_UTD-LinguagemJava-main_aula 11_ProjetoFinal_Livraria] INFO  o.eclipse.m2e.core.internal.Bundles - 	Entry: C:\Users\adria\.p2\pool\plugins\org.eclipse.m2e.maven.runtime_3.8.701.20230209-1606\jars\maven-plugin-api-3.8.7.jar
2023-05-19 10:17:58,398 [Worker-10: Launching Executing clean in C__Users_adria_OneDrive_Documentos_Projetos_UTD-LinguagemJava-main_aula 11_ProjetoFinal_Livraria] INFO  o.eclipse.m2e.core.internal.Bundles - 	Entry: C:\Users\adria\.p2\pool\plugins\org.eclipse.m2e.maven.runtime_3.8.701.20230209-1606\jars\maven-repository-metadata-3.8.7.jar
2023-05-19 10:17:58,398 [Worker-10: Launching Executing clean in C__Users_adria_OneDrive_Documentos_Projetos_UTD-LinguagemJava-main_aula 11_ProjetoFinal_Livraria] INFO  o.eclipse.m2e.core.internal.Bundles - 	Entry: C:\Users\adria\.p2\pool\plugins\org.eclipse.m2e.maven.runtime_3.8.701.20230209-1606\jars\maven-resolver-api-1.6.3.jar
2023-05-19 10:17:58,398 [Worker-10: Launching Executing clean in C__Users_adria_OneDrive_Documentos_Projetos_UTD-LinguagemJava-main_aula 11_ProjetoFinal_Livraria] INFO  o.eclipse.m2e.core.internal.Bundles - 	Entry: C:\Users\adria\.p2\pool\plugins\org.eclipse.m2e.maven.runtime_3.8.701.20230209-1606\jars\maven-resolver-connector-basic-1.6.3.jar
2023-05-19 10:17:58,398 [Worker-10: Launching Executing clean in C__Users_adria_OneDrive_Documentos_Projetos_UTD-LinguagemJava-main_aula 11_ProjetoFinal_Livraria] INFO  o.eclipse.m2e.core.internal.Bundles - 	Entry: C:\Users\adria\.p2\pool\plugins\org.eclipse.m2e.maven.runtime_3.8.701.20230209-1606\jars\maven-resolver-impl-1.6.3.jar
2023-05-19 10:17:58,399 [Worker-10: Launching Executing clean in C__Users_adria_OneDrive_Documentos_Projetos_UTD-LinguagemJava-main_aula 11_ProjetoFinal_Livraria] INFO  o.eclipse.m2e.core.internal.Bundles - 	Entry: C:\Users\adria\.p2\pool\plugins\org.eclipse.m2e.maven.runtime_3.8.701.20230209-1606\jars\maven-resolver-provider-3.8.7.jar
2023-05-19 10:17:58,399 [Worker-10: Launching Executing clean in C__Users_adria_OneDrive_Documentos_Projetos_UTD-LinguagemJava-main_aula 11_ProjetoFinal_Livraria] INFO  o.eclipse.m2e.core.internal.Bundles - 	Entry: C:\Users\adria\.p2\pool\plugins\org.eclipse.m2e.maven.runtime_3.8.701.20230209-1606\jars\maven-resolver-spi-1.6.3.jar
2023-05-19 10:17:58,399 [Worker-10: Launching Executing clean in C__Users_adria_OneDrive_Documentos_Projetos_UTD-LinguagemJava-main_aula 11_ProjetoFinal_Livraria] INFO  o.eclipse.m2e.core.internal.Bundles - 	Entry: C:\Users\adria\.p2\pool\plugins\org.eclipse.m2e.maven.runtime_3.8.701.20230209-1606\jars\maven-resolver-transport-wagon-1.6.3.jar
2023-05-19 10:17:58,399 [Worker-10: Launching Executing clean in C__Users_adria_OneDrive_Documentos_Projetos_UTD-LinguagemJava-main_aula 11_ProjetoFinal_Livraria] INFO  o.eclipse.m2e.core.internal.Bundles - 	Entry: C:\Users\adria\.p2\pool\plugins\org.eclipse.m2e.maven.runtime_3.8.701.20230209-1606\jars\maven-resolver-util-1.6.3.jar
2023-05-19 10:17:58,399 [Worker-10: Launching Executing clean in C__Users_adria_OneDrive_Documentos_Projetos_UTD-LinguagemJava-main_aula 11_ProjetoFinal_Livraria] INFO  o.eclipse.m2e.core.internal.Bundles - 	Entry: C:\Users\adria\.p2\pool\plugins\org.eclipse.m2e.maven.runtime_3.8.701.20230209-1606\jars\maven-settings-3.8.7.jar
2023-05-19 10:17:58,399 [Worker-10: Launching Executing clean in C__Users_adria_OneDrive_Documentos_Projetos_UTD-LinguagemJava-main_aula 11_ProjetoFinal_Livraria] INFO  o.eclipse.m2e.core.internal.Bundles - 	Entry: C:\Users\adria\.p2\pool\plugins\org.eclipse.m2e.maven.runtime_3.8.701.20230209-1606\jars\maven-settings-builder-3.8.7.jar
2023-05-19 10:17:58,399 [Worker-10: Launching Executing clean in C__Users_adria_OneDrive_Documentos_Projetos_UTD-LinguagemJava-main_aula 11_ProjetoFinal_Livraria] INFO  o.eclipse.m2e.core.internal.Bundles - 	Entry: C:\Users\adria\.p2\pool\plugins\org.eclipse.m2e.maven.runtime_3.8.701.20230209-1606\jars\maven-shared-utils-3.3.4.jar
2023-05-19 10:17:58,399 [Worker-10: Launching Executing clean in C__Users_adria_OneDrive_Documentos_Projetos_UTD-LinguagemJava-main_aula 11_ProjetoFinal_Livraria] INFO  o.eclipse.m2e.core.internal.Bundles - 	Entry: C:\Users\adria\.p2\pool\plugins\org.eclipse.m2e.maven.runtime_3.8.701.20230209-1606\jars\okhttp-3.14.1.jar
2023-05-19 10:17:58,400 [Worker-10: Launching Executing clean in C__Users_adria_OneDrive_Documentos_Projetos_UTD-LinguagemJava-main_aula 11_ProjetoFinal_Livraria] INFO  o.eclipse.m2e.core.internal.Bundles - 	Entry: C:\Users\adria\.p2\pool\plugins\org.eclipse.m2e.maven.runtime_3.8.701.20230209-1606\jars\okio-1.17.3.jar
2023-05-19 10:17:58,400 [Worker-10: Launching Executing clean in C__Users_adria_OneDrive_Documentos_Projetos_UTD-LinguagemJava-main_aula 11_ProjetoFinal_Livraria] INFO  o.eclipse.m2e.core.internal.Bundles - 	Entry: C:\Users\adria\.p2\pool\plugins\org.eclipse.m2e.maven.runtime_3.8.701.20230209-1606\jars\org.eclipse.sisu.inject-0.3.5.jar
2023-05-19 10:17:58,400 [Worker-10: Launching Executing clean in C__Users_adria_OneDrive_Documentos_Projetos_UTD-LinguagemJava-main_aula 11_ProjetoFinal_Livraria] INFO  o.eclipse.m2e.core.internal.Bundles - 	Entry: C:\Users\adria\.p2\pool\plugins\org.eclipse.m2e.maven.runtime_3.8.701.20230209-1606\jars\org.eclipse.sisu.plexus-0.3.5.jar
2023-05-19 10:17:58,400 [Worker-10: Launching Executing clean in C__Users_adria_OneDrive_Documentos_Projetos_UTD-LinguagemJava-main_aula 11_ProjetoFinal_Livraria] INFO  o.eclipse.m2e.core.internal.Bundles - 	Entry: C:\Users\adria\.p2\pool\plugins\org.eclipse.m2e.maven.runtime_3.8.701.20230209-1606\jars\plexus-build-api-0.0.7.jar
2023-05-19 10:17:58,400 [Worker-10: Launching Executing clean in C__Users_adria_OneDrive_Documentos_Projetos_UTD-LinguagemJava-main_aula 11_ProjetoFinal_Livraria] INFO  o.eclipse.m2e.core.internal.Bundles - 	Entry: C:\Users\adria\.p2\pool\plugins\org.eclipse.m2e.maven.runtime_3.8.701.20230209-1606\jars\plexus-cipher-2.0.jar
2023-05-19 10:17:58,400 [Worker-10: Launching Executing clean in C__Users_adria_OneDrive_Documentos_Projetos_UTD-LinguagemJava-main_aula 11_ProjetoFinal_Livraria] INFO  o.eclipse.m2e.core.internal.Bundles - 	Entry: C:\Users\adria\.p2\pool\plugins\org.eclipse.m2e.maven.runtime_3.8.701.20230209-1606\jars\plexus-classworlds-2.6.0.jar
2023-05-19 10:17:58,400 [Worker-10: Launching Executing clean in C__Users_adria_OneDrive_Documentos_Projetos_UTD-LinguagemJava-main_aula 11_ProjetoFinal_Livraria] INFO  o.eclipse.m2e.core.internal.Bundles - 	Entry: C:\Users\adria\.p2\pool\plugins\org.eclipse.m2e.maven.runtime_3.8.701.20230209-1606\jars\plexus-component-annotations-2.1.0.jar
2023-05-19 10:17:58,400 [Worker-10: Launching Executing clean in C__Users_adria_OneDrive_Documentos_Projetos_UTD-LinguagemJava-main_aula 11_ProjetoFinal_Livraria] INFO  o.eclipse.m2e.core.internal.Bundles - 	Entry: C:\Users\adria\.p2\pool\plugins\org.eclipse.m2e.maven.runtime_3.8.701.20230209-1606\jars\plexus-interpolation-1.26.jar
2023-05-19 10:17:58,400 [Worker-10: Launching Executing clean in C__Users_adria_OneDrive_Documentos_Projetos_UTD-LinguagemJava-main_aula 11_ProjetoFinal_Livraria] INFO  o.eclipse.m2e.core.internal.Bundles - 	Entry: C:\Users\adria\.p2\pool\plugins\org.eclipse.m2e.maven.runtime_3.8.701.20230209-1606\jars\plexus-sec-dispatcher-2.0.jar
2023-05-19 10:17:58,401 [Worker-10: Launching Executing clean in C__Users_adria_OneDrive_Documentos_Projetos_UTD-LinguagemJava-main_aula 11_ProjetoFinal_Livraria] INFO  o.eclipse.m2e.core.internal.Bundles - 	Entry: C:\Users\adria\.p2\pool\plugins\org.eclipse.m2e.maven.runtime_3.8.701.20230209-1606\jars\plexus-utils-3.3.1.jar
2023-05-19 10:17:58,401 [Worker-10: Launching Executing clean in C__Users_adria_OneDrive_Documentos_Projetos_UTD-LinguagemJava-main_aula 11_ProjetoFinal_Livraria] INFO  o.eclipse.m2e.core.internal.Bundles - 	Entry: C:\Users\adria\.p2\pool\plugins\org.eclipse.m2e.maven.runtime_3.8.701.20230209-1606\jars\wagon-file-3.5.3.jar
2023-05-19 10:17:58,401 [Worker-10: Launching Executing clean in C__Users_adria_OneDrive_Documentos_Projetos_UTD-LinguagemJava-main_aula 11_ProjetoFinal_Livraria] INFO  o.eclipse.m2e.core.internal.Bundles - 	Entry: C:\Users\adria\.p2\pool\plugins\org.eclipse.m2e.maven.runtime_3.8.701.20230209-1606\jars\wagon-provider-api-3.5.3.jar
2023-05-19 10:17:58,403 [Worker-10: Launching Executing clean in C__Users_adria_OneDrive_Documentos_Projetos_UTD-LinguagemJava-main_aula 11_ProjetoFinal_Livraria] INFO  o.eclipse.m2e.core.internal.Bundles - getClasspathEntries(Bundle=com.google.guava_31.1.0.jre [9])
2023-05-19 10:17:58,404 [Worker-10: Launching Executing clean in C__Users_adria_OneDrive_Documentos_Projetos_UTD-LinguagemJava-main_aula 11_ProjetoFinal_Livraria] INFO  o.eclipse.m2e.core.internal.Bundles - 	Entry: C:\Users\adria\.p2\pool\plugins\com.google.guava_31.1.0.jre.jar
2023-05-19 10:17:58,404 [Worker-10: Launching Executing clean in C__Users_adria_OneDrive_Documentos_Projetos_UTD-LinguagemJava-main_aula 11_ProjetoFinal_Livraria] INFO  o.eclipse.m2e.core.internal.Bundles - getClasspathEntries(Bundle=slf4j.api_1.7.36 [439])
2023-05-19 10:17:58,406 [Worker-10: Launching Executing clean in C__Users_adria_OneDrive_Documentos_Projetos_UTD-LinguagemJava-main_aula 11_ProjetoFinal_Livraria] INFO  o.eclipse.m2e.core.internal.Bundles - 	Entry: C:\Users\adria\.p2\pool\plugins\slf4j.api_1.7.36.jar
2023-05-19 10:17:58,406 [Worker-10: Launching Executing clean in C__Users_adria_OneDrive_Documentos_Projetos_UTD-LinguagemJava-main_aula 11_ProjetoFinal_Livraria] INFO  o.eclipse.m2e.core.internal.Bundles - getClasspathEntries(Bundle=javax.inject_1.0.0.v20220405-0441 [21])
2023-05-19 10:17:58,407 [Worker-10: Launching Executing clean in C__Users_adria_OneDrive_Documentos_Projetos_UTD-LinguagemJava-main_aula 11_ProjetoFinal_Livraria] INFO  o.eclipse.m2e.core.internal.Bundles - 	Entry: C:\Users\adria\.p2\pool\plugins\javax.inject_1.0.0.v20220405-0441.jar
2023-05-19 10:17:58,407 [Worker-10: Launching Executing clean in C__Users_adria_OneDrive_Documentos_Projetos_UTD-LinguagemJava-main_aula 11_ProjetoFinal_Livraria] INFO  o.eclipse.m2e.core.internal.Bundles - getClasspathEntries(Bundle=javax.annotation_1.3.5.v20221203-1659 [19])
2023-05-19 10:17:58,409 [Worker-10: Launching Executing clean in C__Users_adria_OneDrive_Documentos_Projetos_UTD-LinguagemJava-main_aula 11_ProjetoFinal_Livraria] INFO  o.eclipse.m2e.core.internal.Bundles - 	Entry: C:\Users\adria\.p2\pool\plugins\javax.annotation_1.3.5.v20221203-1659.jar
2023-05-19 10:17:58,409 [Worker-10: Launching Executing clean in C__Users_adria_OneDrive_Documentos_Projetos_UTD-LinguagemJava-main_aula 11_ProjetoFinal_Livraria] INFO  o.eclipse.m2e.core.internal.Bundles - getClasspathEntries(Bundle=org.apache.commons.cli_1.4.0.v20221112-0806 [41])
2023-05-19 10:17:58,412 [Worker-10: Launching Executing clean in C__Users_adria_OneDrive_Documentos_Projetos_UTD-LinguagemJava-main_aula 11_ProjetoFinal_Livraria] INFO  o.eclipse.m2e.core.internal.Bundles - 	Entry: C:\Users\adria\.p2\pool\plugins\org.apache.commons.cli_1.4.0.v20221112-0806.jar
2023-05-19 10:17:58,413 [Worker-10: Launching Executing clean in C__Users_adria_OneDrive_Documentos_Projetos_UTD-LinguagemJava-main_aula 11_ProjetoFinal_Livraria] INFO  o.eclipse.m2e.core.internal.Bundles - getClasspathEntries(Bundle=com.google.guava.failureaccess_1.0.1 [11])
2023-05-19 10:17:58,414 [Worker-10: Launching Executing clean in C__Users_adria_OneDrive_Documentos_Projetos_UTD-LinguagemJava-main_aula 11_ProjetoFinal_Livraria] INFO  o.eclipse.m2e.core.internal.Bundles - 	Entry: C:\Users\adria\.p2\pool\plugins\com.google.guava.failureaccess_1.0.1.jar
2023-05-19 10:17:58,426 [Worker-10: Launching Executing clean in C__Users_adria_OneDrive_Documentos_Projetos_UTD-LinguagemJava-main_aula 11_ProjetoFinal_Livraria] INFO  o.e.m.i.launch.MavenLaunchDelegate - Run build in "C:\Users\adria\OneDrive\Documentos\Projetos\UTD-LinguagemJava-main\aula 11\ProjetoFinal\Livraria":
2023-05-19 10:17:58,433 [Worker-10: Launching Executing clean in C__Users_adria_OneDrive_Documentos_Projetos_UTD-LinguagemJava-main_aula 11_ProjetoFinal_Livraria] INFO  o.e.m.i.launch.MavenLaunchDelegate -  mvn  -B -Dstyle.color=always clean
2023-05-19 10:18:06,491 [Worker-27: Launching Executing install in C__Users_adria_OneDrive_Documentos_Projetos_UTD-LinguagemJava-main_aula 11_ProjetoFinal_Livraria] INFO  o.e.m.i.launch.MavenLaunchDelegate - Run build in "C:\Users\adria\OneDrive\Documentos\Projetos\UTD-LinguagemJava-main\aula 11\ProjetoFinal\Livraria":
2023-05-19 10:18:06,491 [Worker-27: Launching Executing install in C__Users_adria_OneDrive_Documentos_Projetos_UTD-LinguagemJava-main_aula 11_ProjetoFinal_Livraria] INFO  o.e.m.i.launch.MavenLaunchDelegate -  mvn  -B -Dstyle.color=always install
2023-05-19 10:19:42,663 [Worker-7: Building] INFO  o.e.m.c.i.l.LifecycleMappingFactory - Using org.eclipse.m2e.jdt.JarLifecycleMapping lifecycle mapping for MavenProject: br.com.projeto.utd:LivrariaUTD:0.0.1-SNAPSHOT @ C:\Users\adria\OneDrive\Documentos\Projetos\UTD-LinguagemJava-main\aula 11\ProjetoFinal\Livraria\pom.xml.
2023-05-19 10:19:42,911 [Worker-7: Building] INFO  o.a.m.s.f.DefaultMavenResourcesFiltering - Copying 1 resource from src\main\resources to target\classes
2023-05-19 10:19:42,924 [Worker-7: Building] INFO  o.a.m.s.f.DefaultMavenResourcesFiltering - Copying 1 resource from src\main\resources to target\classes
2023-05-19 10:19:42,930 [Worker-7: Building] INFO  o.a.m.s.f.DefaultMavenResourcesFiltering - skip non existing resourceDirectory C:\Users\adria\OneDrive\Documentos\Projetos\UTD-LinguagemJava-main\aula 11\ProjetoFinal\Livraria\src\test\resources
2023-05-19 10:22:01,427 [Worker-0: Building] INFO  o.a.m.s.f.DefaultMavenResourcesFiltering - Copying 1 resource from src\main\resources to target\classes
2023-05-19 10:22:01,433 [Worker-0: Building] INFO  o.a.m.s.f.DefaultMavenResourcesFiltering - Copying 1 resource from src\main\resources to target\classes
2023-05-19 10:22:01,436 [Worker-0: Building] INFO  o.a.m.s.f.DefaultMavenResourcesFiltering - skip non existing resourceDirectory C:\Users\adria\OneDrive\Documentos\Projetos\UTD-LinguagemJava-main\aula 11\ProjetoFinal\Livraria\src\test\resources
2023-05-19 10:22:56,421 [Worker-13: Building] INFO  o.a.m.s.f.DefaultMavenResourcesFiltering - Copying 1 resource from src\main\resources to target\classes
2023-05-19 10:22:56,427 [Worker-13: Building] INFO  o.a.m.s.f.DefaultMavenResourcesFiltering - Copying 1 resource from src\main\resources to target\classes
2023-05-19 10:22:56,429 [Worker-13: Building] INFO  o.a.m.s.f.DefaultMavenResourcesFiltering - skip non existing resourceDirectory C:\Users\adria\OneDrive\Documentos\Projetos\UTD-LinguagemJava-main\aula 11\ProjetoFinal\Livraria\src\test\resources
2023-05-19 10:31:26,339 [Worker-17: Building] INFO  o.a.m.s.f.DefaultMavenResourcesFiltering - Copying 0 resource from src\main\resources to target\classes
2023-05-19 10:31:26,339 [Worker-17: Building] INFO  o.a.m.s.f.DefaultMavenResourcesFiltering - Copying 1 resource from src\main\resources to target\classes
2023-05-19 10:31:26,344 [Worker-17: Building] INFO  o.a.m.s.f.DefaultMavenResourcesFiltering - skip non existing resourceDirectory C:\Users\adria\OneDrive\Documentos\Projetos\UTD-LinguagemJava-main\aula 11\ProjetoFinal\Livraria\src\test\resources
2023-05-19 11:11:02,231 [Worker-35: Building] INFO  o.a.m.s.f.DefaultMavenResourcesFiltering - Copying 0 resource from src\main\resources to target\classes
2023-05-19 11:11:02,231 [Worker-35: Building] INFO  o.a.m.s.f.DefaultMavenResourcesFiltering - Copying 1 resource from src\main\resources to target\classes
2023-05-19 11:11:02,238 [Worker-35: Building] INFO  o.a.m.s.f.DefaultMavenResourcesFiltering - skip non existing resourceDirectory C:\Users\adria\OneDrive\Documentos\Projetos\UTD-LinguagemJava-main\aula 11\ProjetoFinal\Livraria\src\test\resources
2023-05-19 11:13:28,886 [Worker-2: Loading available Gradle versions] INFO  o.e.b.c.i.u.g.PublishedGradleVersions - Gradle version information cache is up-to-date. Trying to read.
2023-05-19 11:13:53,877 [Worker-21: Building] INFO  o.a.m.s.f.DefaultMavenResourcesFiltering - Copying 1 resource from src\main\resources to target\classes
2023-05-19 11:13:54,136 [Worker-21: Building] INFO  o.a.m.s.f.DefaultMavenResourcesFiltering - Copying 2 resources from src\main\resources to target\classes
2023-05-19 11:13:54,153 [Worker-21: Building] INFO  o.a.m.s.f.DefaultMavenResourcesFiltering - skip non existing resourceDirectory C:\Users\adria\OneDrive\Documentos\Projetos\UTD-LinguagemJava-main\aula 11\ProjetoFinal\Livraria\src\test\resources
2023-05-19 11:14:44,782 [Worker-2: Building] INFO  o.a.m.s.f.DefaultMavenResourcesFiltering - Copying 1 resource from src\main\resources to target\classes
2023-05-19 11:14:44,821 [Worker-2: Building] INFO  o.a.m.s.f.DefaultMavenResourcesFiltering - Copying 2 resources from src\main\resources to target\classes
2023-05-19 11:14:44,825 [Worker-2: Building] INFO  o.a.m.s.f.DefaultMavenResourcesFiltering - skip non existing resourceDirectory C:\Users\adria\OneDrive\Documentos\Projetos\UTD-LinguagemJava-main\aula 11\ProjetoFinal\Livraria\src\test\resources
2023-05-19 11:15:45,181 [Worker-18: Building] INFO  o.a.m.s.f.DefaultMavenResourcesFiltering - Copying 0 resource from src\main\resources to target\classes
2023-05-19 11:15:45,182 [Worker-18: Building] INFO  o.a.m.s.f.DefaultMavenResourcesFiltering - Copying 1 resource from src\main\resources to target\classes
2023-05-19 11:15:45,188 [Worker-18: Building] INFO  o.a.m.s.f.DefaultMavenResourcesFiltering - skip non existing resourceDirectory C:\Users\adria\OneDrive\Documentos\Projetos\UTD-LinguagemJava-main\aula 11\ProjetoFinal\Livraria\src\test\resources
2023-05-19 11:15:56,422 [Worker-14: Building] INFO  o.a.m.s.f.DefaultMavenResourcesFiltering - Copying 0 resource from src\main\resources to target\classes
2023-05-19 11:15:56,422 [Worker-14: Building] INFO  o.a.m.s.f.DefaultMavenResourcesFiltering - Copying 1 resource from src\main\resources to target\classes
2023-05-19 11:15:56,427 [Worker-14: Building] INFO  o.a.m.s.f.DefaultMavenResourcesFiltering - skip non existing resourceDirectory C:\Users\adria\OneDrive\Documentos\Projetos\UTD-LinguagemJava-main\aula 11\ProjetoFinal\Livraria\src\test\resources
2023-05-19 11:16:28,341 [Worker-10: Building] INFO  o.a.m.s.f.DefaultMavenResourcesFiltering - Copying 0 resource from src\main\resources to target\classes
2023-05-19 11:16:28,341 [Worker-10: Building] INFO  o.a.m.s.f.DefaultMavenResourcesFiltering - Copying 1 resource from src\main\resources to target\classes
2023-05-19 11:16:28,345 [Worker-10: Building] INFO  o.a.m.s.f.DefaultMavenResourcesFiltering - skip non existing resourceDirectory C:\Users\adria\OneDrive\Documentos\Projetos\UTD-LinguagemJava-main\aula 11\ProjetoFinal\Livraria\src\test\resources
2023-05-19 11:17:37,733 [Worker-29: Building] INFO  o.a.m.s.f.DefaultMavenResourcesFiltering - Copying 0 resource from src\main\resources to target\classes
2023-05-19 11:17:37,734 [Worker-29: Building] INFO  o.a.m.s.f.DefaultMavenResourcesFiltering - Copying 1 resource from src\main\resources to target\classes
2023-05-19 11:17:37,738 [Worker-29: Building] INFO  o.a.m.s.f.DefaultMavenResourcesFiltering - skip non existing resourceDirectory C:\Users\adria\OneDrive\Documentos\Projetos\UTD-LinguagemJava-main\aula 11\ProjetoFinal\Livraria\src\test\resources
2023-05-19 11:18:02,562 [Worker-19: Building] INFO  o.a.m.s.f.DefaultMavenResourcesFiltering - Copying 0 resource from src\main\resources to target\classes
2023-05-19 11:18:02,562 [Worker-19: Building] INFO  o.a.m.s.f.DefaultMavenResourcesFiltering - Copying 1 resource from src\main\resources to target\classes
2023-05-19 11:18:02,567 [Worker-19: Building] INFO  o.a.m.s.f.DefaultMavenResourcesFiltering - skip non existing resourceDirectory C:\Users\adria\OneDrive\Documentos\Projetos\UTD-LinguagemJava-main\aula 11\ProjetoFinal\Livraria\src\test\resources
2023-05-19 11:18:18,338 [Worker-12: Building] INFO  o.a.m.s.f.DefaultMavenResourcesFiltering - Copying 0 resource from src\main\resources to target\classes
2023-05-19 11:18:18,338 [Worker-12: Building] INFO  o.a.m.s.f.DefaultMavenResourcesFiltering - Copying 1 resource from src\main\resources to target\classes
2023-05-19 11:18:18,347 [Worker-12: Building] INFO  o.a.m.s.f.DefaultMavenResourcesFiltering - skip non existing resourceDirectory C:\Users\adria\OneDrive\Documentos\Projetos\UTD-LinguagemJava-main\aula 11\ProjetoFinal\Livraria\src\test\resources
2023-05-19 11:19:45,533 [Worker-1: Building] INFO  o.a.m.s.f.DefaultMavenResourcesFiltering - Copying 0 resource from src\main\resources to target\classes
2023-05-19 11:19:45,534 [Worker-1: Building] INFO  o.a.m.s.f.DefaultMavenResourcesFiltering - Copying 1 resource from src\main\resources to target\classes
2023-05-19 11:19:45,540 [Worker-1: Building] INFO  o.a.m.s.f.DefaultMavenResourcesFiltering - skip non existing resourceDirectory C:\Users\adria\OneDrive\Documentos\Projetos\UTD-LinguagemJava-main\aula 11\ProjetoFinal\Livraria\src\test\resources
2023-05-19 11:21:26,957 [Worker-1: Building] INFO  o.a.m.s.f.DefaultMavenResourcesFiltering - Copying 1 resource from src\main\resources to target\classes
2023-05-19 11:21:26,966 [Worker-1: Building] INFO  o.a.m.s.f.DefaultMavenResourcesFiltering - Copying 5 resources from src\main\resources to target\classes
2023-05-19 11:21:26,971 [Worker-1: Building] INFO  o.a.m.s.f.DefaultMavenResourcesFiltering - skip non existing resourceDirectory C:\Users\adria\OneDrive\Documentos\Projetos\UTD-LinguagemJava-main\aula 11\ProjetoFinal\Livraria\src\test\resources
2023-05-19 11:21:54,168 [Worker-29: Building] INFO  o.a.m.s.f.DefaultMavenResourcesFiltering - Copying 0 resource from src\main\resources to target\classes
2023-05-19 11:21:54,169 [Worker-29: Building] INFO  o.a.m.s.f.DefaultMavenResourcesFiltering - Copying 1 resource from src\main\resources to target\classes
2023-05-19 11:21:54,174 [Worker-29: Building] INFO  o.a.m.s.f.DefaultMavenResourcesFiltering - skip non existing resourceDirectory C:\Users\adria\OneDrive\Documentos\Projetos\UTD-LinguagemJava-main\aula 11\ProjetoFinal\Livraria\src\test\resources
2023-05-19 11:23:20,486 [Worker-29: Building] INFO  o.a.m.s.f.DefaultMavenResourcesFiltering - Copying 0 resource from src\main\resources to target\classes
2023-05-19 11:23:20,486 [Worker-29: Building] INFO  o.a.m.s.f.DefaultMavenResourcesFiltering - Copying 1 resource from src\main\resources to target\classes
2023-05-19 11:23:20,490 [Worker-29: Building] INFO  o.a.m.s.f.DefaultMavenResourcesFiltering - skip non existing resourceDirectory C:\Users\adria\OneDrive\Documentos\Projetos\UTD-LinguagemJava-main\aula 11\ProjetoFinal\Livraria\src\test\resources
2023-05-19 11:28:34,673 [Worker-12: Building] INFO  o.a.m.s.f.DefaultMavenResourcesFiltering - Copying 1 resource from src\main\resources to target\classes
2023-05-19 11:28:34,678 [Worker-12: Building] INFO  o.a.m.s.f.DefaultMavenResourcesFiltering - Copying 5 resources from src\main\resources to target\classes
2023-05-19 11:28:34,683 [Worker-12: Building] INFO  o.a.m.s.f.DefaultMavenResourcesFiltering - skip non existing resourceDirectory C:\Users\adria\OneDrive\Documentos\Projetos\UTD-LinguagemJava-main\aula 11\ProjetoFinal\Livraria\src\test\resources
2023-05-19 11:34:40,425 [Worker-32: Building] INFO  o.a.m.s.f.DefaultMavenResourcesFiltering - Copying 0 resource from src\main\resources to target\classes
2023-05-19 11:34:40,425 [Worker-32: Building] INFO  o.a.m.s.f.DefaultMavenResourcesFiltering - Copying 1 resource from src\main\resources to target\classes
2023-05-19 11:34:40,432 [Worker-32: Building] INFO  o.a.m.s.f.DefaultMavenResourcesFiltering - skip non existing resourceDirectory C:\Users\adria\OneDrive\Documentos\Projetos\UTD-LinguagemJava-main\aula 11\ProjetoFinal\Livraria\src\test\resources
2023-05-19 11:36:54,707 [Worker-32: Building] INFO  o.a.m.s.f.DefaultMavenResourcesFiltering - Copying 0 resource from src\main\resources to target\classes
2023-05-19 11:36:54,708 [Worker-32: Building] INFO  o.a.m.s.f.DefaultMavenResourcesFiltering - Copying 1 resource from src\main\resources to target\classes
2023-05-19 11:36:54,713 [Worker-32: Building] INFO  o.a.m.s.f.DefaultMavenResourcesFiltering - skip non existing resourceDirectory C:\Users\adria\OneDrive\Documentos\Projetos\UTD-LinguagemJava-main\aula 11\ProjetoFinal\Livraria\src\test\resources
2023-05-19 11:38:05,237 [Worker-35: Building] INFO  o.a.m.s.f.DefaultMavenResourcesFiltering - Copying 0 resource from src\main\resources to target\classes
2023-05-19 11:38:05,238 [Worker-35: Building] INFO  o.a.m.s.f.DefaultMavenResourcesFiltering - Copying 1 resource from src\main\resources to target\classes
2023-05-19 11:38:05,243 [Worker-35: Building] INFO  o.a.m.s.f.DefaultMavenResourcesFiltering - skip non existing resourceDirectory C:\Users\adria\OneDrive\Documentos\Projetos\UTD-LinguagemJava-main\aula 11\ProjetoFinal\Livraria\src\test\resources
2023-05-19 11:40:17,974 [Worker-32: Building] INFO  o.a.m.s.f.DefaultMavenResourcesFiltering - Copying 1 resource from src\main\resources to target\classes
2023-05-19 11:40:17,979 [Worker-32: Building] INFO  o.a.m.s.f.DefaultMavenResourcesFiltering - Copying 6 resources from src\main\resources to target\classes
2023-05-19 11:40:17,983 [Worker-32: Building] INFO  o.a.m.s.f.DefaultMavenResourcesFiltering - skip non existing resourceDirectory C:\Users\adria\OneDrive\Documentos\Projetos\UTD-LinguagemJava-main\aula 11\ProjetoFinal\Livraria\src\test\resources
2023-05-19 11:43:06,461 [Worker-45: Building] INFO  o.a.m.s.f.DefaultMavenResourcesFiltering - Copying 0 resource from src\main\resources to target\classes
2023-05-19 11:43:06,462 [Worker-45: Building] INFO  o.a.m.s.f.DefaultMavenResourcesFiltering - Copying 1 resource from src\main\resources to target\classes
2023-05-19 11:43:06,467 [Worker-45: Building] INFO  o.a.m.s.f.DefaultMavenResourcesFiltering - skip non existing resourceDirectory C:\Users\adria\OneDrive\Documentos\Projetos\UTD-LinguagemJava-main\aula 11\ProjetoFinal\Livraria\src\test\resources
2023-05-19 12:22:38,297 [Worker-1: Loading available Gradle versions] INFO  o.e.b.c.i.u.g.PublishedGradleVersions - Gradle version information cache is up-to-date. Trying to read.
2023-05-19 14:59:37,808 [Worker-1: Loading available Gradle versions] INFO  o.e.b.c.i.u.g.PublishedGradleVersions - Gradle version information cache is up-to-date. Trying to read.
2023-05-19 15:00:04,014 [Worker-31: Launching Livraria - ProjetoFinalApplication] INFO  o.a.m.s.f.DefaultMavenResourcesFiltering - Copying 1 resource from src\main\resources to target\classes
2023-05-19 15:00:04,060 [Worker-31: Launching Livraria - ProjetoFinalApplication] INFO  o.a.m.s.f.DefaultMavenResourcesFiltering - Copying 6 resources from src\main\resources to target\classes
2023-05-19 15:00:04,090 [Worker-31: Launching Livraria - ProjetoFinalApplication] INFO  o.a.m.s.f.DefaultMavenResourcesFiltering - skip non existing resourceDirectory C:\Users\adria\OneDrive\Documentos\Projetos\UTD-LinguagemJava-main\aula 11\ProjetoFinal\Livraria\src\test\resources
2023-05-19 15:01:10,294 [Worker-3: Building] INFO  o.a.m.s.f.DefaultMavenResourcesFiltering - Copying 1 resource from src\main\resources to target\classes
2023-05-19 15:01:10,446 [Worker-3: Building] INFO  o.a.m.s.f.DefaultMavenResourcesFiltering - Copying 6 resources from src\main\resources to target\classes
2023-05-19 15:01:10,459 [Worker-3: Building] INFO  o.a.m.s.f.DefaultMavenResourcesFiltering - skip non existing resourceDirectory C:\Users\adria\OneDrive\Documentos\Projetos\UTD-LinguagemJava-main\aula 11\ProjetoFinal\Livraria\src\test\resources
2023-05-19 15:01:29,002 [Worker-3: Building] INFO  o.a.m.s.f.DefaultMavenResourcesFiltering - Copying 1 resource from src\main\resources to target\classes
2023-05-19 15:01:29,012 [Worker-3: Building] INFO  o.a.m.s.f.DefaultMavenResourcesFiltering - Copying 6 resources from src\main\resources to target\classes
2023-05-19 15:01:29,040 [Worker-3: Building] INFO  o.a.m.s.f.DefaultMavenResourcesFiltering - skip non existing resourceDirectory C:\Users\adria\OneDrive\Documentos\Projetos\UTD-LinguagemJava-main\aula 11\ProjetoFinal\Livraria\src\test\resources
2023-05-19 15:01:56,353 [Worker-29: Building] INFO  o.a.m.s.f.DefaultMavenResourcesFiltering - Copying 1 resource from src\main\resources to target\classes
2023-05-19 15:01:56,394 [Worker-29: Building] INFO  o.a.m.s.f.DefaultMavenResourcesFiltering - Copying 6 resources from src\main\resources to target\classes
2023-05-19 15:01:56,404 [Worker-29: Building] INFO  o.a.m.s.f.DefaultMavenResourcesFiltering - skip non existing resourceDirectory C:\Users\adria\OneDrive\Documentos\Projetos\UTD-LinguagemJava-main\aula 11\ProjetoFinal\Livraria\src\test\resources
2023-05-19 15:05:32,061 [Worker-7: Loading available Gradle versions] INFO  o.e.b.c.i.u.g.PublishedGradleVersions - Gradle version information cache is up-to-date. Trying to read.
2023-05-19 15:05:52,458 [Worker-28: Building] INFO  o.a.m.s.f.DefaultMavenResourcesFiltering - Copying 1 resource from src\main\resources to target\classes
2023-05-19 15:05:52,512 [Worker-28: Building] INFO  o.a.m.s.f.DefaultMavenResourcesFiltering - Copying 6 resources from src\main\resources to target\classes
2023-05-19 15:05:52,556 [Worker-28: Building] INFO  o.a.m.s.f.DefaultMavenResourcesFiltering - skip non existing resourceDirectory C:\Users\adria\OneDrive\Documentos\Projetos\UTD-LinguagemJava-main\aula 11\ProjetoFinal\Livraria\src\test\resources
2023-05-19 15:05:59,420 [Worker-12: Building] INFO  o.a.m.s.f.DefaultMavenResourcesFiltering - Copying 1 resource from src\main\resources to target\classes
2023-05-19 15:05:59,431 [Worker-12: Building] INFO  o.a.m.s.f.DefaultMavenResourcesFiltering - Copying 6 resources from src\main\resources to target\classes
2023-05-19 15:05:59,442 [Worker-12: Building] INFO  o.a.m.s.f.DefaultMavenResourcesFiltering - skip non existing resourceDirectory C:\Users\adria\OneDrive\Documentos\Projetos\UTD-LinguagemJava-main\aula 11\ProjetoFinal\Livraria\src\test\resources
2023-05-19 15:06:12,400 [Worker-25: Building] INFO  o.a.m.s.f.DefaultMavenResourcesFiltering - Copying 1 resource from src\main\resources to target\classes
2023-05-19 15:06:12,424 [Worker-25: Building] INFO  o.a.m.s.f.DefaultMavenResourcesFiltering - Copying 6 resources from src\main\resources to target\classes
2023-05-19 15:06:12,437 [Worker-25: Building] INFO  o.a.m.s.f.DefaultMavenResourcesFiltering - skip non existing resourceDirectory C:\Users\adria\OneDrive\Documentos\Projetos\UTD-LinguagemJava-main\aula 11\ProjetoFinal\Livraria\src\test\resources
2023-05-19 15:06:53,991 [Worker-2: Retrieving catalog resource] INFO  o.a.h.c.h.i.c.HttpRequestRetryExec - Recoverable I/O exception (org.apache.hc.core5.http.NoHttpResponseException) caught when processing request to {s}->https://marketplace.eclipse.org:443
2023-05-19 15:14:12,839 [Worker-7: Building] INFO  o.a.m.s.f.DefaultMavenResourcesFiltering - Copying 1 resource from src\main\resources to target\classes
2023-05-19 15:14:12,844 [Worker-7: Building] INFO  o.a.m.s.f.DefaultMavenResourcesFiltering - Copying 6 resources from src\main\resources to target\classes
2023-05-19 15:14:12,860 [Worker-7: Building] INFO  o.a.m.s.f.DefaultMavenResourcesFiltering - skip non existing resourceDirectory C:\Users\adria\OneDrive\Documentos\Projetos\UTD-LinguagemJava-main\aula 11\ProjetoFinal\Livraria\src\test\resources
2023-05-19 15:15:07,965 [Worker-1: Loading available Gradle versions] INFO  o.e.b.c.i.u.g.PublishedGradleVersions - Gradle version information cache is up-to-date. Trying to read.
2023-05-19 15:17:42,081 [Worker-6: Building] INFO  o.a.m.s.f.DefaultMavenResourcesFiltering - Copying 1 resource from src\main\resources to target\classes
2023-05-19 15:17:42,145 [Worker-6: Building] INFO  o.a.m.s.f.DefaultMavenResourcesFiltering - Copying 6 resources from src\main\resources to target\classes
2023-05-19 15:17:42,163 [Worker-6: Building] INFO  o.a.m.s.f.DefaultMavenResourcesFiltering - skip non existing resourceDirectory C:\Users\adria\OneDrive\Documentos\Projetos\UTD-LinguagemJava-main\aula 11\ProjetoFinal\Livraria\src\test\resources
2023-05-19 15:28:37,439 [Worker-3: Building] INFO  o.a.m.s.f.DefaultMavenResourcesFiltering - Copying 0 resource from src\main\resources to target\classes
2023-05-19 15:28:37,453 [Worker-3: Building] INFO  o.a.m.s.f.DefaultMavenResourcesFiltering - Copying 1 resource from src\main\resources to target\classes
2023-05-19 15:28:37,480 [Worker-3: Building] INFO  o.a.m.s.f.DefaultMavenResourcesFiltering - skip non existing resourceDirectory C:\Users\adria\OneDrive\Documentos\Projetos\UTD-LinguagemJava-main\aula 11\ProjetoFinal\Livraria\src\test\resources
2023-05-19 15:34:38,058 [Worker-34: Building] INFO  o.a.m.s.f.DefaultMavenResourcesFiltering - Copying 0 resource from src\main\resources to target\classes
2023-05-19 15:34:38,061 [Worker-34: Building] INFO  o.a.m.s.f.DefaultMavenResourcesFiltering - Copying 1 resource from src\main\resources to target\classes
2023-05-19 15:34:38,077 [Worker-34: Building] INFO  o.a.m.s.f.DefaultMavenResourcesFiltering - skip non existing resourceDirectory C:\Users\adria\OneDrive\Documentos\Projetos\UTD-LinguagemJava-main\aula 11\ProjetoFinal\Livraria\src\test\resources
2023-05-19 16:01:01,741 [Worker-41: Building] INFO  o.a.m.s.f.DefaultMavenResourcesFiltering - Copying 0 resource from src\main\resources to target\classes
2023-05-19 16:01:01,745 [Worker-41: Building] INFO  o.a.m.s.f.DefaultMavenResourcesFiltering - Copying 1 resource from src\main\resources to target\classes
2023-05-19 16:01:01,757 [Worker-41: Building] INFO  o.a.m.s.f.DefaultMavenResourcesFiltering - skip non existing resourceDirectory C:\Users\adria\OneDrive\Documentos\Projetos\UTD-LinguagemJava-main\aula 11\ProjetoFinal\Livraria\src\test\resources
2023-05-19 16:13:39,143 [Worker-6: Loading available Gradle versions] INFO  o.e.b.c.i.u.g.PublishedGradleVersions - Gradle version information cache is up-to-date. Trying to read.
2023-05-19 16:13:54,161 [Worker-9: Building] INFO  o.a.m.s.f.DefaultMavenResourcesFiltering - Copying 1 resource from src\main\resources to target\classes
2023-05-19 16:13:54,203 [Worker-9: Building] INFO  o.a.m.s.f.DefaultMavenResourcesFiltering - Copying 6 resources from src\main\resources to target\classes
2023-05-19 16:13:54,231 [Worker-9: Building] INFO  o.a.m.s.f.DefaultMavenResourcesFiltering - skip non existing resourceDirectory C:\Users\adria\OneDrive\Documentos\Projetos\UTD-LinguagemJava-main\aula 11\ProjetoFinal\Livraria\src\test\resources
2023-05-19 16:16:20,477 [Worker-2: Building] INFO  o.a.m.s.f.DefaultMavenResourcesFiltering - Copying 0 resource from src\main\resources to target\classes
2023-05-19 16:16:20,478 [Worker-2: Building] INFO  o.a.m.s.f.DefaultMavenResourcesFiltering - Copying 1 resource from src\main\resources to target\classes
2023-05-19 16:16:20,483 [Worker-2: Building] INFO  o.a.m.s.f.DefaultMavenResourcesFiltering - skip non existing resourceDirectory C:\Users\adria\OneDrive\Documentos\Projetos\UTD-LinguagemJava-main\aula 11\ProjetoFinal\Livraria\src\test\resources
2023-05-19 16:53:02,358 [Worker-39: Building] INFO  o.a.m.s.f.DefaultMavenResourcesFiltering - Copying 0 resource from src\main\resources to target\classes
2023-05-19 16:53:02,359 [Worker-39: Building] INFO  o.a.m.s.f.DefaultMavenResourcesFiltering - Copying 1 resource from src\main\resources to target\classes
2023-05-19 16:53:02,364 [Worker-39: Building] INFO  o.a.m.s.f.DefaultMavenResourcesFiltering - skip non existing resourceDirectory C:\Users\adria\OneDrive\Documentos\Projetos\UTD-LinguagemJava-main\aula 11\ProjetoFinal\Livraria\src\test\resources
2023-05-19 16:54:33,096 [Worker-44: Building] INFO  o.a.m.s.f.DefaultMavenResourcesFiltering - Copying 0 resource from src\main\resources to target\classes
2023-05-19 16:54:33,097 [Worker-44: Building] INFO  o.a.m.s.f.DefaultMavenResourcesFiltering - Copying 1 resource from src\main\resources to target\classes
2023-05-19 16:54:33,101 [Worker-44: Building] INFO  o.a.m.s.f.DefaultMavenResourcesFiltering - skip non existing resourceDirectory C:\Users\adria\OneDrive\Documentos\Projetos\UTD-LinguagemJava-main\aula 11\ProjetoFinal\Livraria\src\test\resources
2023-05-19 16:54:51,365 [Worker-43: Building] INFO  o.a.m.s.f.DefaultMavenResourcesFiltering - Copying 0 resource from src\main\resources to target\classes
2023-05-19 16:54:51,366 [Worker-43: Building] INFO  o.a.m.s.f.DefaultMavenResourcesFiltering - Copying 1 resource from src\main\resources to target\classes
2023-05-19 16:54:51,371 [Worker-43: Building] INFO  o.a.m.s.f.DefaultMavenResourcesFiltering - skip non existing resourceDirectory C:\Users\adria\OneDrive\Documentos\Projetos\UTD-LinguagemJava-main\aula 11\ProjetoFinal\Livraria\src\test\resources
2023-05-19 16:55:30,263 [Worker-42: Building] INFO  o.a.m.s.f.DefaultMavenResourcesFiltering - Copying 0 resource from src\main\resources to target\classes
2023-05-19 16:55:30,263 [Worker-42: Building] INFO  o.a.m.s.f.DefaultMavenResourcesFiltering - Copying 1 resource from src\main\resources to target\classes
2023-05-19 16:55:30,269 [Worker-42: Building] INFO  o.a.m.s.f.DefaultMavenResourcesFiltering - skip non existing resourceDirectory C:\Users\adria\OneDrive\Documentos\Projetos\UTD-LinguagemJava-main\aula 11\ProjetoFinal\Livraria\src\test\resources
2023-05-19 17:00:20,143 [Worker-46: Building] INFO  o.a.m.s.f.DefaultMavenResourcesFiltering - Copying 0 resource from src\main\resources to target\classes
2023-05-19 17:00:20,143 [Worker-46: Building] INFO  o.a.m.s.f.DefaultMavenResourcesFiltering - Copying 1 resource from src\main\resources to target\classes
2023-05-19 17:00:20,147 [Worker-46: Building] INFO  o.a.m.s.f.DefaultMavenResourcesFiltering - skip non existing resourceDirectory C:\Users\adria\OneDrive\Documentos\Projetos\UTD-LinguagemJava-main\aula 11\ProjetoFinal\Livraria\src\test\resources
2023-05-19 17:00:26,069 [Worker-49: Building] INFO  o.a.m.s.f.DefaultMavenResourcesFiltering - Copying 0 resource from src\main\resources to target\classes
2023-05-19 17:00:26,069 [Worker-49: Building] INFO  o.a.m.s.f.DefaultMavenResourcesFiltering - Copying 1 resource from src\main\resources to target\classes
2023-05-19 17:00:26,076 [Worker-49: Building] INFO  o.a.m.s.f.DefaultMavenResourcesFiltering - skip non existing resourceDirectory C:\Users\adria\OneDrive\Documentos\Projetos\UTD-LinguagemJava-main\aula 11\ProjetoFinal\Livraria\src\test\resources
2023-05-19 17:00:43,907 [Worker-45: Building] INFO  o.a.m.s.f.DefaultMavenResourcesFiltering - Copying 0 resource from src\main\resources to target\classes
2023-05-19 17:00:43,907 [Worker-45: Building] INFO  o.a.m.s.f.DefaultMavenResourcesFiltering - Copying 1 resource from src\main\resources to target\classes
2023-05-19 17:00:43,911 [Worker-45: Building] INFO  o.a.m.s.f.DefaultMavenResourcesFiltering - skip non existing resourceDirectory C:\Users\adria\OneDrive\Documentos\Projetos\UTD-LinguagemJava-main\aula 11\ProjetoFinal\Livraria\src\test\resources
2023-05-19 17:00:55,318 [Worker-51: Building] INFO  o.a.m.s.f.DefaultMavenResourcesFiltering - Copying 0 resource from src\main\resources to target\classes
2023-05-19 17:00:55,319 [Worker-51: Building] INFO  o.a.m.s.f.DefaultMavenResourcesFiltering - Copying 1 resource from src\main\resources to target\classes
2023-05-19 17:00:55,324 [Worker-51: Building] INFO  o.a.m.s.f.DefaultMavenResourcesFiltering - skip non existing resourceDirectory C:\Users\adria\OneDrive\Documentos\Projetos\UTD-LinguagemJava-main\aula 11\ProjetoFinal\Livraria\src\test\resources
2023-05-19 17:01:54,770 [Worker-46: Building] INFO  o.a.m.s.f.DefaultMavenResourcesFiltering - Copying 0 resource from src\main\resources to target\classes
2023-05-19 17:01:54,771 [Worker-46: Building] INFO  o.a.m.s.f.DefaultMavenResourcesFiltering - Copying 1 resource from src\main\resources to target\classes
2023-05-19 17:01:54,774 [Worker-46: Building] INFO  o.a.m.s.f.DefaultMavenResourcesFiltering - skip non existing resourceDirectory C:\Users\adria\OneDrive\Documentos\Projetos\UTD-LinguagemJava-main\aula 11\ProjetoFinal\Livraria\src\test\resources
2023-05-19 17:02:39,711 [Worker-49: Building] INFO  o.a.m.s.f.DefaultMavenResourcesFiltering - Copying 0 resource from src\main\resources to target\classes
2023-05-19 17:02:39,711 [Worker-49: Building] INFO  o.a.m.s.f.DefaultMavenResourcesFiltering - Copying 1 resource from src\main\resources to target\classes
2023-05-19 17:02:39,717 [Worker-49: Building] INFO  o.a.m.s.f.DefaultMavenResourcesFiltering - skip non existing resourceDirectory C:\Users\adria\OneDrive\Documentos\Projetos\UTD-LinguagemJava-main\aula 11\ProjetoFinal\Livraria\src\test\resources
2023-05-19 17:03:40,806 [Worker-45: Building] INFO  o.a.m.s.f.DefaultMavenResourcesFiltering - Copying 0 resource from src\main\resources to target\classes
2023-05-19 17:03:40,806 [Worker-45: Building] INFO  o.a.m.s.f.DefaultMavenResourcesFiltering - Copying 1 resource from src\main\resources to target\classes
2023-05-19 17:03:40,810 [Worker-45: Building] INFO  o.a.m.s.f.DefaultMavenResourcesFiltering - skip non existing resourceDirectory C:\Users\adria\OneDrive\Documentos\Projetos\UTD-LinguagemJava-main\aula 11\ProjetoFinal\Livraria\src\test\resources
2023-05-19 17:04:43,577 [Worker-51: Building] INFO  o.a.m.s.f.DefaultMavenResourcesFiltering - Copying 0 resource from src\main\resources to target\classes
2023-05-19 17:04:43,577 [Worker-51: Building] INFO  o.a.m.s.f.DefaultMavenResourcesFiltering - Copying 1 resource from src\main\resources to target\classes
2023-05-19 17:04:43,582 [Worker-51: Building] INFO  o.a.m.s.f.DefaultMavenResourcesFiltering - skip non existing resourceDirectory C:\Users\adria\OneDrive\Documentos\Projetos\UTD-LinguagemJava-main\aula 11\ProjetoFinal\Livraria\src\test\resources
2023-05-19 17:04:56,478 [Worker-40: Building] INFO  o.a.m.s.f.DefaultMavenResourcesFiltering - Copying 0 resource from src\main\resources to target\classes
2023-05-19 17:04:56,478 [Worker-40: Building] INFO  o.a.m.s.f.DefaultMavenResourcesFiltering - Copying 1 resource from src\main\resources to target\classes
2023-05-19 17:04:56,482 [Worker-40: Building] INFO  o.a.m.s.f.DefaultMavenResourcesFiltering - skip non existing resourceDirectory C:\Users\adria\OneDrive\Documentos\Projetos\UTD-LinguagemJava-main\aula 11\ProjetoFinal\Livraria\src\test\resources
2023-05-19 17:06:17,828 [Worker-49: Building] INFO  o.a.m.s.f.DefaultMavenResourcesFiltering - Copying 0 resource from src\main\resources to target\classes
2023-05-19 17:06:17,828 [Worker-49: Building] INFO  o.a.m.s.f.DefaultMavenResourcesFiltering - Copying 1 resource from src\main\resources to target\classes
2023-05-19 17:06:17,834 [Worker-49: Building] INFO  o.a.m.s.f.DefaultMavenResourcesFiltering - skip non existing resourceDirectory C:\Users\adria\OneDrive\Documentos\Projetos\UTD-LinguagemJava-main\aula 11\ProjetoFinal\Livraria\src\test\resources
2023-05-19 17:07:24,810 [Worker-45: Building] INFO  o.a.m.s.f.DefaultMavenResourcesFiltering - Copying 0 resource from src\main\resources to target\classes
2023-05-19 17:07:24,812 [Worker-45: Building] INFO  o.a.m.s.f.DefaultMavenResourcesFiltering - Copying 1 resource from src\main\resources to target\classes
2023-05-19 17:07:24,815 [Worker-45: Building] INFO  o.a.m.s.f.DefaultMavenResourcesFiltering - skip non existing resourceDirectory C:\Users\adria\OneDrive\Documentos\Projetos\UTD-LinguagemJava-main\aula 11\ProjetoFinal\Livraria\src\test\resources
2023-05-19 17:07:50,145 [Worker-49: Building] INFO  o.a.m.s.f.DefaultMavenResourcesFiltering - Copying 0 resource from src\main\resources to target\classes
2023-05-19 17:07:50,146 [Worker-49: Building] INFO  o.a.m.s.f.DefaultMavenResourcesFiltering - Copying 1 resource from src\main\resources to target\classes
2023-05-19 17:07:50,150 [Worker-49: Building] INFO  o.a.m.s.f.DefaultMavenResourcesFiltering - skip non existing resourceDirectory C:\Users\adria\OneDrive\Documentos\Projetos\UTD-LinguagemJava-main\aula 11\ProjetoFinal\Livraria\src\test\resources
2023-05-19 17:08:59,300 [Worker-45: Building] INFO  o.a.m.s.f.DefaultMavenResourcesFiltering - Copying 0 resource from src\main\resources to target\classes
2023-05-19 17:08:59,301 [Worker-45: Building] INFO  o.a.m.s.f.DefaultMavenResourcesFiltering - Copying 1 resource from src\main\resources to target\classes
2023-05-19 17:08:59,309 [Worker-45: Building] INFO  o.a.m.s.f.DefaultMavenResourcesFiltering - skip non existing resourceDirectory C:\Users\adria\OneDrive\Documentos\Projetos\UTD-LinguagemJava-main\aula 11\ProjetoFinal\Livraria\src\test\resources
2023-05-19 17:11:34,552 [Worker-51: Building] INFO  o.a.m.s.f.DefaultMavenResourcesFiltering - Copying 1 resource from src\main\resources to target\classes
2023-05-19 17:11:34,660 [Worker-51: Building] INFO  o.a.m.s.f.DefaultMavenResourcesFiltering - Copying 7 resources from src\main\resources to target\classes
2023-05-19 17:11:34,664 [Worker-51: Building] INFO  o.a.m.s.f.DefaultMavenResourcesFiltering - skip non existing resourceDirectory C:\Users\adria\OneDrive\Documentos\Projetos\UTD-LinguagemJava-main\aula 11\ProjetoFinal\Livraria\src\test\resources
2023-05-19 17:11:44,569 [Worker-51: Building] INFO  o.a.m.s.f.DefaultMavenResourcesFiltering - Copying 1 resource from src\main\resources to target\classes
2023-05-19 17:11:44,575 [Worker-51: Building] INFO  o.a.m.s.f.DefaultMavenResourcesFiltering - Copying 7 resources from src\main\resources to target\classes
2023-05-19 17:11:44,582 [Worker-51: Building] INFO  o.a.m.s.f.DefaultMavenResourcesFiltering - skip non existing resourceDirectory C:\Users\adria\OneDrive\Documentos\Projetos\UTD-LinguagemJava-main\aula 11\ProjetoFinal\Livraria\src\test\resources
2023-05-19 17:12:02,715 [Worker-57: Building] INFO  o.a.m.s.f.DefaultMavenResourcesFiltering - Copying 0 resource from src\main\resources to target\classes
2023-05-19 17:12:02,716 [Worker-57: Building] INFO  o.a.m.s.f.DefaultMavenResourcesFiltering - Copying 1 resource from src\main\resources to target\classes
2023-05-19 17:12:02,720 [Worker-57: Building] INFO  o.a.m.s.f.DefaultMavenResourcesFiltering - skip non existing resourceDirectory C:\Users\adria\OneDrive\Documentos\Projetos\UTD-LinguagemJava-main\aula 11\ProjetoFinal\Livraria\src\test\resources
2023-05-19 17:12:13,819 [Worker-54: Building] INFO  o.a.m.s.f.DefaultMavenResourcesFiltering - Copying 0 resource from src\main\resources to target\classes
2023-05-19 17:12:13,820 [Worker-54: Building] INFO  o.a.m.s.f.DefaultMavenResourcesFiltering - Copying 1 resource from src\main\resources to target\classes
2023-05-19 17:12:13,825 [Worker-54: Building] INFO  o.a.m.s.f.DefaultMavenResourcesFiltering - skip non existing resourceDirectory C:\Users\adria\OneDrive\Documentos\Projetos\UTD-LinguagemJava-main\aula 11\ProjetoFinal\Livraria\src\test\resources
2023-05-19 17:14:32,547 [Worker-49: Building] INFO  o.a.m.s.f.DefaultMavenResourcesFiltering - Copying 0 resource from src\main\resources to target\classes
2023-05-19 17:14:32,548 [Worker-49: Building] INFO  o.a.m.s.f.DefaultMavenResourcesFiltering - Copying 0 resource from src\main\resources to target\classes
2023-05-19 17:14:32,552 [Worker-49: Building] INFO  o.a.m.s.f.DefaultMavenResourcesFiltering - skip non existing resourceDirectory C:\Users\adria\OneDrive\Documentos\Projetos\UTD-LinguagemJava-main\aula 11\ProjetoFinal\Livraria\src\test\resources
2023-05-19 17:15:00,582 [Worker-55: Building] INFO  o.a.m.s.f.DefaultMavenResourcesFiltering - Copying 0 resource from src\main\resources to target\classes
2023-05-19 17:15:00,582 [Worker-55: Building] INFO  o.a.m.s.f.DefaultMavenResourcesFiltering - Copying 1 resource from src\main\resources to target\classes
2023-05-19 17:15:00,587 [Worker-55: Building] INFO  o.a.m.s.f.DefaultMavenResourcesFiltering - skip non existing resourceDirectory C:\Users\adria\OneDrive\Documentos\Projetos\UTD-LinguagemJava-main\aula 11\ProjetoFinal\Livraria\src\test\resources
2023-05-19 17:29:04,216 [Worker-59: Building] INFO  o.a.m.s.f.DefaultMavenResourcesFiltering - Copying 0 resource from src\main\resources to target\classes
2023-05-19 17:29:04,217 [Worker-59: Building] INFO  o.a.m.s.f.DefaultMavenResourcesFiltering - Copying 1 resource from src\main\resources to target\classes
2023-05-19 17:29:04,220 [Worker-59: Building] INFO  o.a.m.s.f.DefaultMavenResourcesFiltering - skip non existing resourceDirectory C:\Users\adria\OneDrive\Documentos\Projetos\UTD-LinguagemJava-main\aula 11\ProjetoFinal\Livraria\src\test\resources
2023-05-19 17:29:35,031 [Worker-60: Building] INFO  o.a.m.s.f.DefaultMavenResourcesFiltering - Copying 0 resource from src\main\resources to target\classes
2023-05-19 17:29:35,031 [Worker-60: Building] INFO  o.a.m.s.f.DefaultMavenResourcesFiltering - Copying 1 resource from src\main\resources to target\classes
2023-05-19 17:29:35,039 [Worker-60: Building] INFO  o.a.m.s.f.DefaultMavenResourcesFiltering - skip non existing resourceDirectory C:\Users\adria\OneDrive\Documentos\Projetos\UTD-LinguagemJava-main\aula 11\ProjetoFinal\Livraria\src\test\resources
